This is pdfTeX, Version 3.14159265-2.6-1.40.19 (TeX Live 2018/W32TeX) (preloaded format=pdflatex 2019.3.24)  7 APR 2019 15:13
entering extended mode
 restricted \write18 enabled.
 file:line:error style messages enabled.
 %&-line parsing enabled.
**"c:/Users/me/Documents/CS4641/Assignment 3/Unsupervised Learning/main.tex"
(c:/Users/me/Documents/CS4641/Assignment 3/Unsupervised Learning/main.tex
LaTeX2e <2018-12-01>
(c:/texlive/2018/texmf-dist/tex/latex/base/article.cls
Document Class: article 2018/09/03 v1.4i Standard LaTeX document class
(c:/texlive/2018/texmf-dist/tex/latex/base/size10.clo
File: size10.clo 2018/09/03 v1.4i Standard LaTeX file (size option)
)
\c@part=\count80
\c@section=\count81
\c@subsection=\count82
\c@subsubsection=\count83
\c@paragraph=\count84
\c@subparagraph=\count85
\c@figure=\count86
\c@table=\count87
\abovecaptionskip=\skip41
\belowcaptionskip=\skip42
\bibindent=\dimen102
) (c:/texlive/2018/texmf-dist/tex/latex/xcolor/xcolor.sty
Package: xcolor 2016/05/11 v2.12 LaTeX color extensions (UK)
 (c:/texlive/2018/texmf-dist/tex/latex/graphics-cfg/color.cfg
File: color.cfg 2016/01/02 v1.6 sample color configuration
)
Package xcolor Info: Driver file: pdftex.def on input line 225.
 (c:/texlive/2018/texmf-dist/tex/latex/graphics-def/pdftex.def
File: pdftex.def 2018/01/08 v1.0l Graphics/color driver for pdftex
)
Package xcolor Info: Model `cmy' substituted by `cmy0' on input line 1348.
Package xcolor Info: Model `hsb' substituted by `rgb' on input line 1352.
Package xcolor Info: Model `RGB' extended on input line 1364.
Package xcolor Info: Model `HTML' substituted by `rgb' on input line 1366.
Package xcolor Info: Model `Hsb' substituted by `hsb' on input line 1367.
Package xcolor Info: Model `tHsb' substituted by `hsb' on input line 1368.
Package xcolor Info: Model `HSB' substituted by `hsb' on input line 1369.
Package xcolor Info: Model `Gray' substituted by `gray' on input line 1370.
Package xcolor Info: Model `wave' substituted by `hsb' on input line 1371.
 (c:/texlive/2018/texmf-dist/tex/latex/graphics/dvipsnam.def
File: dvipsnam.def 2016/06/17 v3.0m Driver-dependent file (DPC,SPQR)
)) (c:/texlive/2018/texmf-dist/tex/latex/base/fontenc.sty
Package: fontenc 2018/08/11 v2.0j Standard LaTeX package
 (c:/texlive/2018/texmf-dist/tex/latex/base/t1enc.def
File: t1enc.def 2018/08/11 v2.0j Standard LaTeX file
LaTeX Font Info:    Redeclaring font encoding T1 on input line 48.
)) (c:/texlive/2018/texmf-dist/tex/latex/base/inputenc.sty
Package: inputenc 2018/08/11 v1.3c Input encoding file
\inpenc@prehook=\toks14
\inpenc@posthook=\toks15
) (c:/texlive/2018/texmf-dist/tex/latex/lm/lmodern.sty
Package: lmodern 2009/10/30 v1.6 Latin Modern Fonts
LaTeX Font Info:    Overwriting symbol font `operators' in version `normal'
(Font)                  OT1/cmr/m/n --> OT1/lmr/m/n on input line 22.
LaTeX Font Info:    Overwriting symbol font `letters' in version `normal'
(Font)                  OML/cmm/m/it --> OML/lmm/m/it on input line 23.
LaTeX Font Info:    Overwriting symbol font `symbols' in version `normal'
(Font)                  OMS/cmsy/m/n --> OMS/lmsy/m/n on input line 24.
LaTeX Font Info:    Overwriting symbol font `largesymbols' in version `normal'
(Font)                  OMX/cmex/m/n --> OMX/lmex/m/n on input line 25.
LaTeX Font Info:    Overwriting symbol font `operators' in version `bold'
(Font)                  OT1/cmr/bx/n --> OT1/lmr/bx/n on input line 26.
LaTeX Font Info:    Overwriting symbol font `letters' in version `bold'
(Font)                  OML/cmm/b/it --> OML/lmm/b/it on input line 27.
LaTeX Font Info:    Overwriting symbol font `symbols' in version `bold'
(Font)                  OMS/cmsy/b/n --> OMS/lmsy/b/n on input line 28.
LaTeX Font Info:    Overwriting symbol font `largesymbols' in version `bold'
(Font)                  OMX/cmex/m/n --> OMX/lmex/m/n on input line 29.
LaTeX Font Info:    Overwriting math alphabet `\mathbf' in version `normal'
(Font)                  OT1/cmr/bx/n --> OT1/lmr/bx/n on input line 31.
LaTeX Font Info:    Overwriting math alphabet `\mathsf' in version `normal'
(Font)                  OT1/cmss/m/n --> OT1/lmss/m/n on input line 32.
LaTeX Font Info:    Overwriting math alphabet `\mathit' in version `normal'
(Font)                  OT1/cmr/m/it --> OT1/lmr/m/it on input line 33.
LaTeX Font Info:    Overwriting math alphabet `\mathtt' in version `normal'
(Font)                  OT1/cmtt/m/n --> OT1/lmtt/m/n on input line 34.
LaTeX Font Info:    Overwriting math alphabet `\mathbf' in version `bold'
(Font)                  OT1/cmr/bx/n --> OT1/lmr/bx/n on input line 35.
LaTeX Font Info:    Overwriting math alphabet `\mathsf' in version `bold'
(Font)                  OT1/cmss/bx/n --> OT1/lmss/bx/n on input line 36.
LaTeX Font Info:    Overwriting math alphabet `\mathit' in version `bold'
(Font)                  OT1/cmr/bx/it --> OT1/lmr/bx/it on input line 37.
LaTeX Font Info:    Overwriting math alphabet `\mathtt' in version `bold'
(Font)                  OT1/cmtt/m/n --> OT1/lmtt/m/n on input line 38.
) (c:/texlive/2018/texmf-dist/tex/generic/babel/babel.sty
Package: babel 2018/11/13 3.27 The Babel package
 (c:/texlive/2018/texmf-dist/tex/generic/babel/switch.def
File: switch.def 2018/11/13 3.27 Babel switching mechanism
) (c:/texlive/2018/texmf-dist/tex/generic/babel-english/english.ldf
Language: english 2017/06/06 v3.3r English support from the babel system
 (c:/texlive/2018/texmf-dist/tex/generic/babel/babel.def
File: babel.def 2018/11/13 3.27 Babel common definitions
\babel@savecnt=\count88
\U@D=\dimen103
 (c:/texlive/2018/texmf-dist/tex/generic/babel/txtbabel.def)
\bbl@dirlevel=\count89
)
\l@canadian = a dialect from \language\l@american 
\l@australian = a dialect from \language\l@british 
\l@newzealand = a dialect from \language\l@british 
)) (c:/texlive/2018/texmf-dist/tex/latex/csquotes/csquotes.sty
Package: csquotes 2018/04/13 v5.2d context-sensitive quotations (JAW)
 (c:/texlive/2018/texmf-dist/tex/latex/etoolbox/etoolbox.sty
Package: etoolbox 2018/08/19 v2.5f e-TeX tools for LaTeX (JAW)
\etb@tempcnta=\count90
) (c:/texlive/2018/texmf-dist/tex/latex/graphics/keyval.sty
Package: keyval 2014/10/28 v1.15 key=value parser (DPC)
\KV@toks@=\toks16
)
\csq@reset=\count91
\csq@gtype=\count92
\csq@glevel=\count93
\csq@qlevel=\count94
\csq@maxlvl=\count95
\csq@tshold=\count96
\csq@ltx@everypar=\toks17
 (c:/texlive/2018/texmf-dist/tex/latex/csquotes/csquotes.def
File: csquotes.def 2018/04/13 v5.2d csquotes generic definitions (JAW)
)
Package csquotes Info: Trying to load configuration file 'csquotes.cfg'...
Package csquotes Info: ... configuration file loaded successfully.
 (c:/texlive/2018/texmf-dist/tex/latex/csquotes/csquotes.cfg
File: csquotes.cfg 
)) (c:/texlive/2018/texmf-dist/tex/latex/multirow/multirow.sty
Package: multirow 2019/01/01 v2.4 Span multiple rows of a table
\multirow@colwidth=\skip43
\multirow@cntb=\count97
\multirow@dima=\skip44
\bigstrutjot=\dimen104
) (c:/texlive/2018/texmf-dist/tex/latex/graphics/graphicx.sty
Package: graphicx 2017/06/01 v1.1a Enhanced LaTeX Graphics (DPC,SPQR)
 (c:/texlive/2018/texmf-dist/tex/latex/graphics/graphics.sty
Package: graphics 2017/06/25 v1.2c Standard LaTeX Graphics (DPC,SPQR)
 (c:/texlive/2018/texmf-dist/tex/latex/graphics/trig.sty
Package: trig 2016/01/03 v1.10 sin cos tan (DPC)
) (c:/texlive/2018/texmf-dist/tex/latex/graphics-cfg/graphics.cfg
File: graphics.cfg 2016/06/04 v1.11 sample graphics configuration
)
Package graphics Info: Driver file: pdftex.def on input line 99.
)
\Gin@req@height=\dimen105
\Gin@req@width=\dimen106
) (c:/texlive/2018/texmf-dist/tex/latex/geometry/geometry.sty
Package: geometry 2018/04/16 v5.8 Page Geometry
 (c:/texlive/2018/texmf-dist/tex/generic/oberdiek/ifpdf.sty
Package: ifpdf 2018/09/07 v3.3 Provides the ifpdf switch
) (c:/texlive/2018/texmf-dist/tex/generic/oberdiek/ifvtex.sty
Package: ifvtex 2016/05/16 v1.6 Detect VTeX and its facilities (HO)
Package ifvtex Info: VTeX not detected.
) (c:/texlive/2018/texmf-dist/tex/generic/ifxetex/ifxetex.sty
Package: ifxetex 2010/09/12 v0.6 Provides ifxetex conditional
)
\Gm@cnth=\count98
\Gm@cntv=\count99
\c@Gm@tempcnt=\count100
\Gm@bindingoffset=\dimen107
\Gm@wd@mp=\dimen108
\Gm@odd@mp=\dimen109
\Gm@even@mp=\dimen110
\Gm@layoutwidth=\dimen111
\Gm@layoutheight=\dimen112
\Gm@layouthoffset=\dimen113
\Gm@layoutvoffset=\dimen114
\Gm@dimlist=\toks18
) (c:/texlive/2018/texmf-dist/tex/latex/biblatex-chicago/biblatex-chicago.sty
Package: biblatex-chicago 2018/01/10 v 3.10 biblatex style
 (c:/texlive/2018/texmf-dist/tex/latex/biblatex/biblatex.sty
Package: biblatex 2018/11/02 v3.12 programmable bibliographies (PK/MW)
 (c:/texlive/2018/texmf-dist/tex/generic/oberdiek/pdftexcmds.sty
Package: pdftexcmds 2018/09/10 v0.29 Utility functions of pdfTeX for LuaTeX (HO)
 (c:/texlive/2018/texmf-dist/tex/generic/oberdiek/infwarerr.sty
Package: infwarerr 2016/05/16 v1.4 Providing info/warning/error messages (HO)
) (c:/texlive/2018/texmf-dist/tex/generic/oberdiek/ifluatex.sty
Package: ifluatex 2016/05/16 v1.4 Provides the ifluatex switch (HO)
Package ifluatex Info: LuaTeX not detected.
) (c:/texlive/2018/texmf-dist/tex/generic/oberdiek/ltxcmds.sty
Package: ltxcmds 2016/05/16 v1.23 LaTeX kernel commands for general use (HO)
)
Package pdftexcmds Info: LuaTeX not detected.
Package pdftexcmds Info: \pdf@primitive is available.
Package pdftexcmds Info: \pdf@ifprimitive is available.
Package pdftexcmds Info: \pdfdraftmode found.
) (c:/texlive/2018/texmf-dist/tex/latex/oberdiek/kvoptions.sty
Package: kvoptions 2016/05/16 v3.12 Key value format for package options (HO)
 (c:/texlive/2018/texmf-dist/tex/generic/oberdiek/kvsetkeys.sty
Package: kvsetkeys 2016/05/16 v1.17 Key value parser (HO)
 (c:/texlive/2018/texmf-dist/tex/generic/oberdiek/etexcmds.sty
Package: etexcmds 2016/05/16 v1.6 Avoid name clashes with e-TeX commands (HO)
Package etexcmds Info: Could not find \expanded.
(etexcmds)             That can mean that you are not using pdfTeX 1.50 or
(etexcmds)             that some package has redefined \expanded.
(etexcmds)             In the latter case, load this package earlier.
))) (c:/texlive/2018/texmf-dist/tex/latex/logreq/logreq.sty
Package: logreq 2010/08/04 v1.0 xml request logger
\lrq@indent=\count101
 (c:/texlive/2018/texmf-dist/tex/latex/logreq/logreq.def
File: logreq.def 2010/08/04 v1.0 logreq spec v1.0
)) (c:/texlive/2018/texmf-dist/tex/latex/base/ifthen.sty
Package: ifthen 2014/09/29 v1.1c Standard LaTeX ifthen package (DPC)
) (c:/texlive/2018/texmf-dist/tex/latex/url/url.sty
\Urlmuskip=\muskip10
Package: url 2013/09/16  ver 3.4  Verb mode for urls, etc.
)
\c@tabx@nest=\count102
\c@listtotal=\count103
\c@listcount=\count104
\c@liststart=\count105
\c@liststop=\count106
\c@citecount=\count107
\c@citetotal=\count108
\c@multicitecount=\count109
\c@multicitetotal=\count110
\c@instcount=\count111
\c@maxnames=\count112
\c@minnames=\count113
\c@maxitems=\count114
\c@minitems=\count115
\c@citecounter=\count116
\c@maxcitecounter=\count117
\c@savedcitecounter=\count118
\c@uniquelist=\count119
\c@uniquename=\count120
\c@refsection=\count121
\c@refsegment=\count122
\c@maxextratitle=\count123
\c@maxextratitleyear=\count124
\c@maxextraname=\count125
\c@maxextradate=\count126
\c@maxextraalpha=\count127
\c@abbrvpenalty=\count128
\c@highnamepenalty=\count129
\c@lownamepenalty=\count130
\c@maxparens=\count131
\c@parenlevel=\count132
\blx@tempcnta=\count133
\blx@tempcntb=\count134
\blx@tempcntc=\count135
\blx@maxsection=\count136
\blx@maxsegment@0=\count137
\blx@notetype=\count138
\blx@parenlevel@text=\count139
\blx@parenlevel@foot=\count140
\blx@sectionciteorder@0=\count141
\blx@entrysetcounter=\count142
\labelnumberwidth=\skip45
\labelalphawidth=\skip46
\biblabelsep=\skip47
\bibitemsep=\skip48
\bibnamesep=\skip49
\bibinitsep=\skip50
\bibparsep=\skip51
\bibhang=\skip52
\blx@bcfin=\read1
\blx@bcfout=\write3
\c@mincomprange=\count143
\c@maxcomprange=\count144
\c@mincompwidth=\count145
Package biblatex Info: Trying to load biblatex default data model...
Package biblatex Info: ... file 'blx-dm.def' found.
 (c:/texlive/2018/texmf-dist/tex/latex/biblatex/blx-dm.def
File: blx-dm.def 2018/11/02 v3.12 biblatex localization (PK/MW)
)
Package biblatex Info: Trying to load biblatex style data model...
Package biblatex Info: ... file 'chicago-notes.dbx' not found.
Package biblatex Info: Trying to load biblatex custom data model...
Package biblatex Info: ... file 'biblatex-dm.cfg' not found.
\c@afterword=\count146
\c@savedafterword=\count147
\c@annotator=\count148
\c@savedannotator=\count149
\c@author=\count150
\c@savedauthor=\count151
\c@bookauthor=\count152
\c@savedbookauthor=\count153
\c@commentator=\count154
\c@savedcommentator=\count155
\c@editor=\count156
\c@savededitor=\count157
\c@editora=\count158
\c@savededitora=\count159
\c@editorb=\count160
\c@savededitorb=\count161
\c@editorc=\count162
\c@savededitorc=\count163
\c@foreword=\count164
\c@savedforeword=\count165
\c@holder=\count166
\c@savedholder=\count167
\c@introduction=\count168
\c@savedintroduction=\count169
\c@namea=\count170
\c@savednamea=\count171
\c@nameb=\count172
\c@savednameb=\count173
\c@namec=\count174
\c@savednamec=\count175
\c@translator=\count176
\c@savedtranslator=\count177
\c@shortauthor=\count178
\c@savedshortauthor=\count179
\c@shorteditor=\count180
\c@savedshorteditor=\count181
\c@labelname=\count182
\c@savedlabelname=\count183
\c@institution=\count184
\c@savedinstitution=\count185
\c@lista=\count186
\c@savedlista=\count187
\c@listb=\count188
\c@savedlistb=\count189
\c@listc=\count190
\c@savedlistc=\count191
\c@listd=\count192
\c@savedlistd=\count193
\c@liste=\count194
\c@savedliste=\count195
\c@listf=\count196
\c@savedlistf=\count197
\c@location=\count198
\c@savedlocation=\count199
\c@organization=\count266
\c@savedorganization=\count267
\c@origlocation=\count268
\c@savedoriglocation=\count269
\c@origpublisher=\count270
\c@savedorigpublisher=\count271
\c@publisher=\count272
\c@savedpublisher=\count273
\c@language=\count274
\c@savedlanguage=\count275
\c@origlanguage=\count276
\c@savedoriglanguage=\count277
\c@pageref=\count278
\c@savedpageref=\count279
\shorthandwidth=\skip53
\shortjournalwidth=\skip54
\shortserieswidth=\skip55
\shorttitlewidth=\skip56
\shortauthorwidth=\skip57
\shorteditorwidth=\skip58
\locallabelnumberwidth=\skip59
\locallabelalphawidth=\skip60
\localshorthandwidth=\skip61
\localshortjournalwidth=\skip62
\localshortserieswidth=\skip63
\localshorttitlewidth=\skip64
\localshortauthorwidth=\skip65
\localshorteditorwidth=\skip66
Package biblatex Info: Trying to load compatibility code...
Package biblatex Info: ... file 'blx-compat.def' found.
 (c:/texlive/2018/texmf-dist/tex/latex/biblatex/blx-compat.def
File: blx-compat.def 2018/11/02 v3.12 biblatex compatibility (PK/MW)
)
Package biblatex Info: Trying to load generic definitions...
Package biblatex Info: ... file 'biblatex.def' found.
 (c:/texlive/2018/texmf-dist/tex/latex/biblatex/biblatex.def
File: biblatex.def 2018/11/02 v3.12 biblatex compatibility (PK/MW)
\c@textcitecount=\count280
\c@textcitetotal=\count281
\c@textcitemaxnames=\count282
\c@biburlnumpenalty=\count283
\c@biburlucpenalty=\count284
\c@biburllcpenalty=\count285
\c@smartand=\count286
)
Package biblatex Info: Trying to load bibliography style 'chicago-notes'...
Package biblatex Info: ... file 'chicago-notes.bbx' found.
 (c:/texlive/2018/texmf-dist/tex/latex/biblatex-chicago/chicago-notes.bbx
File: chicago-notes.bbx 2018/01/11 v 3.10 biblatex bibliography style
\lositemsep=\skip67
\c@bbx:relatedcount=\count287
\c@bbx:relatedtotal=\count288
)
Package biblatex Info: Trying to load citation style 'chicago-notes'...
Package biblatex Info: ... file 'chicago-notes.cbx' found.
 (c:/texlive/2018/texmf-dist/tex/latex/biblatex-chicago/chicago-notes.cbx
File: chicago-notes.cbx 2018/01/10 v 3.10 biblatex citation style
Package biblatex Info: Redefining '\cite'.
Package biblatex Info: Redefining '\parencite'.
Package biblatex Info: Redefining '\footcite'.
Package biblatex Info: Redefining '\smartcite'.
Package biblatex Info: Redefining '\smartcites'.
Package biblatex Info: Redefining '\footfullcite'.
Package biblatex Info: Redefining '\fullcite'.
Package biblatex Info: Redefining '\citeauthor'.
Package biblatex Info: Redefining '\textcite'.
Package biblatex Info: Redefining '\textcites'.
Package biblatex Info: Patching 'autolang=other' option.
)
Package biblatex Info: Trying to load configuration file...
Package biblatex Info: ... file 'biblatex.cfg' found.
 (c:/texlive/2018/texmf-dist/tex/latex/biblatex/biblatex.cfg
File: biblatex.cfg 
)))
Package csquotes Info: Checking for multilingual support...
Package csquotes Info: ... found 'babel' package.
Package csquotes Info: Adjusting default style.
Package csquotes Info: Redefining alias 'default' -> 'english'.
Package biblatex Info: Trying to load language 'english' -> 'cms-american'...
Package biblatex Info: ... file 'cms-american.lbx' found.
 (c:/texlive/2018/texmf-dist/tex/latex/biblatex-chicago/cms-american.lbx
File: cms-american.lbx 2018/01/09 v 3.10 biblatex localization
Package biblatex Info: Trying to load language 'american'...
Package biblatex Info: ... file 'american.lbx' found.
 (c:/texlive/2018/texmf-dist/tex/latex/biblatex/lbx/american.lbx
File: american.lbx 2018/11/02 v3.12 biblatex localization (PK/MW)
Package biblatex Info: Trying to load language 'english'...
Package biblatex Info: ... file 'english.lbx' found.
 (c:/texlive/2018/texmf-dist/tex/latex/biblatex/lbx/english.lbx
File: english.lbx 2018/11/02 v3.12 biblatex localization (PK/MW)
))
Package biblatex Info: Trying to load language 'english'...
Package biblatex Info: ... file 'english.lbx' found.
 (c:/texlive/2018/texmf-dist/tex/latex/biblatex/lbx/english.lbx
File: english.lbx 2018/11/02 v3.12 biblatex localization (PK/MW)
))

LaTeX Warning: Unused global option(s):
    [letter].

(c:/Users/me/Documents/CS4641/Assignment 3/Unsupervised Learning/main.aux)
\openout1 = `main.aux'.

LaTeX Font Info:    Checking defaults for OML/cmm/m/it on input line 20.
LaTeX Font Info:    ... okay on input line 20.
LaTeX Font Info:    Checking defaults for T1/cmr/m/n on input line 20.
LaTeX Font Info:    ... okay on input line 20.
LaTeX Font Info:    Checking defaults for OT1/cmr/m/n on input line 20.
LaTeX Font Info:    ... okay on input line 20.
LaTeX Font Info:    Checking defaults for OMS/cmsy/m/n on input line 20.
LaTeX Font Info:    ... okay on input line 20.
LaTeX Font Info:    Checking defaults for OMX/cmex/m/n on input line 20.
LaTeX Font Info:    ... okay on input line 20.
LaTeX Font Info:    Checking defaults for U/cmr/m/n on input line 20.
LaTeX Font Info:    ... okay on input line 20.
LaTeX Font Info:    Try loading font information for T1+lmr on input line 20.
 (c:/texlive/2018/texmf-dist/tex/latex/lm/t1lmr.fd
File: t1lmr.fd 2009/10/30 v1.6 Font defs for Latin Modern
) (c:/texlive/2018/texmf-dist/tex/context/base/mkii/supp-pdf.mkii
[Loading MPS to PDF converter (version 2006.09.02).]
\scratchcounter=\count289
\scratchdimen=\dimen115
\scratchbox=\box27
\nofMPsegments=\count290
\nofMParguments=\count291
\everyMPshowfont=\toks19
\MPscratchCnt=\count292
\MPscratchDim=\dimen116
\MPnumerator=\count293
\makeMPintoPDFobject=\count294
\everyMPtoPDFconversion=\toks20
) (c:/texlive/2018/texmf-dist/tex/latex/oberdiek/epstopdf-base.sty
Package: epstopdf-base 2016/05/15 v2.6 Base part for package epstopdf
 (c:/texlive/2018/texmf-dist/tex/latex/oberdiek/grfext.sty
Package: grfext 2016/05/16 v1.2 Manage graphics extensions (HO)
 (c:/texlive/2018/texmf-dist/tex/generic/oberdiek/kvdefinekeys.sty
Package: kvdefinekeys 2016/05/16 v1.4 Define keys (HO)
))
Package epstopdf-base Info: Redefining graphics rule for `.eps' on input line 438.
Package grfext Info: Graphics extension search list:
(grfext)             [.pdf,.png,.jpg,.mps,.jpeg,.jbig2,.jb2,.PDF,.PNG,.JPG,.JPEG,.JBIG2,.JB2,.eps]
(grfext)             \AppendGraphicsExtensions on input line 456.
 (c:/texlive/2018/texmf-dist/tex/latex/latexconfig/epstopdf-sys.cfg
File: epstopdf-sys.cfg 2010/07/13 v1.3 Configuration of (r)epstopdf for TeX Live
))
*geometry* driver: auto-detecting
*geometry* detected driver: pdftex
*geometry* verbose mode - [ preamble ] result:
* driver: pdftex
* paper: <default>
* layout: <same size as paper>
* layoutoffset:(h,v)=(0.0pt,0.0pt)
* modes: 
* h-part:(L,W,R)=(36.135pt, 542.02501pt, 36.135pt)
* v-part:(T,H,B)=(36.135pt, 722.7pt, 36.135pt)
* \paperwidth=614.295pt
* \paperheight=794.96999pt
* \textwidth=542.02501pt
* \textheight=722.7pt
* \oddsidemargin=-36.135pt
* \evensidemargin=-36.135pt
* \topmargin=-73.135pt
* \headheight=12.0pt
* \headsep=25.0pt
* \topskip=10.0pt
* \footskip=30.0pt
* \marginparwidth=65.0pt
* \marginparsep=11.0pt
* \columnsep=10.0pt
* \skip\footins=9.0pt plus 4.0pt minus 2.0pt
* \hoffset=0.0pt
* \voffset=0.0pt
* \mag=1000
* \@twocolumnfalse
* \@twosidefalse
* \@mparswitchfalse
* \@reversemarginfalse
* (1in=72.27pt=25.4mm, 1cm=28.453pt)

Package biblatex Info: Input encoding 'utf8' detected.
Package biblatex Info: Automatic encoding selection.
(biblatex)             Assuming data encoding 'utf8'.
\openout3 = `main.bcf'.

Package biblatex Info: Trying to load bibliographic data...
Package biblatex Info: ... file 'main.bbl' found.
(c:/Users/me/Documents/CS4641/Assignment 3/Unsupervised Learning/main.bbl)
Package biblatex Info: Reference section=0 on input line 20.
Package biblatex Info: Reference segment=0 on input line 20.
LaTeX Font Info:    Try loading font information for OT1+lmr on input line 23.
 (c:/texlive/2018/texmf-dist/tex/latex/lm/ot1lmr.fd
File: ot1lmr.fd 2009/10/30 v1.6 Font defs for Latin Modern
)
LaTeX Font Info:    Try loading font information for OML+lmm on input line 23.
 (c:/texlive/2018/texmf-dist/tex/latex/lm/omllmm.fd
File: omllmm.fd 2009/10/30 v1.6 Font defs for Latin Modern
)
LaTeX Font Info:    Try loading font information for OMS+lmsy on input line 23.
 (c:/texlive/2018/texmf-dist/tex/latex/lm/omslmsy.fd
File: omslmsy.fd 2009/10/30 v1.6 Font defs for Latin Modern
)
LaTeX Font Info:    Try loading font information for OMX+lmex on input line 23.
 (c:/texlive/2018/texmf-dist/tex/latex/lm/omxlmex.fd
File: omxlmex.fd 2009/10/30 v1.6 Font defs for Latin Modern
)
LaTeX Font Info:    External font `lmex10' loaded for size
(Font)              <12> on input line 23.
LaTeX Font Info:    External font `lmex10' loaded for size
(Font)              <8> on input line 23.
LaTeX Font Info:    External font `lmex10' loaded for size
(Font)              <6> on input line 23.
LaTeX Font Info:    External font `lmex10' loaded for size
(Font)              <10> on input line 34.
LaTeX Font Info:    External font `lmex10' loaded for size
(Font)              <7> on input line 34.
LaTeX Font Info:    External font `lmex10' loaded for size
(Font)              <5> on input line 34.
LaTeX Font Info:    Try loading font information for T1+lmtt on input line 34.
 (c:/texlive/2018/texmf-dist/tex/latex/lm/t1lmtt.fd
File: t1lmtt.fd 2009/10/30 v1.6 Font defs for Latin Modern
)
<images/pcamDistr.png, id=1, 425.59pt x 281.05pt>
File: images/pcamDistr.png Graphic file (type png)
<use images/pcamDistr.png>
Package pdftex.def Info: images/pcamDistr.png  used on input line 43.
(pdftex.def)             Requested size: 216.80669pt x 143.17491pt.
<images/irisDistr.png, id=3, 425.59pt x 281.05pt>
File: images/irisDistr.png Graphic file (type png)
<use images/irisDistr.png>
Package pdftex.def Info: images/irisDistr.png  used on input line 44.
(pdftex.def)             Requested size: 216.80669pt x 143.17491pt.
 [1

{c:/texlive/2018/texmf-var/fonts/map/pdftex/updmap/pdftex.map} <c:/Users/me/Documents/CS4641/Assignment 3/Unsupervised Learning/images/pcamDistr.png> <c:/Users/me/Documents/CS4641/Assignment 3/Unsupervised Learning/images/irisDistr.png>] [2]
<images/pcamKmeansHomo.png, id=33, 396.48125pt x 266.9975pt>
File: images/pcamKmeansHomo.png Graphic file (type png)
<use images/pcamKmeansHomo.png>
Package pdftex.def Info: images/pcamKmeansHomo.png  used on input line 93.
(pdftex.def)             Requested size: 216.80669pt x 146.00166pt.
<images/pcamGMMHomo.png, id=34, 396.48125pt x 266.9975pt>
File: images/pcamGMMHomo.png Graphic file (type png)
<use images/pcamGMMHomo.png>
Package pdftex.def Info: images/pcamGMMHomo.png  used on input line 94.
(pdftex.def)             Requested size: 216.80669pt x 146.00166pt.
<images/pcamKmeansPurity.png, id=35, 396.48125pt x 266.9975pt>
File: images/pcamKmeansPurity.png Graphic file (type png)
<use images/pcamKmeansPurity.png>
Package pdftex.def Info: images/pcamKmeansPurity.png  used on input line 100.
(pdftex.def)             Requested size: 216.80669pt x 146.00166pt.
<images/pcamGMMPurity.png, id=36, 396.48125pt x 266.9975pt>
File: images/pcamGMMPurity.png Graphic file (type png)
<use images/pcamGMMPurity.png>
Package pdftex.def Info: images/pcamGMMPurity.png  used on input line 101.
(pdftex.def)             Requested size: 216.80669pt x 146.00166pt.
<images/kmeansTime.png, id=37, 393.47pt x 266.9975pt>
File: images/kmeansTime.png Graphic file (type png)
<use images/kmeansTime.png>
Package pdftex.def Info: images/kmeansTime.png  used on input line 107.
(pdftex.def)             Requested size: 216.80669pt x 147.11795pt.
<images/gmmTime.png, id=38, 399.4925pt x 266.9975pt>
File: images/gmmTime.png Graphic file (type png)
<use images/gmmTime.png>
Package pdftex.def Info: images/gmmTime.png  used on input line 108.
(pdftex.def)             Requested size: 216.80669pt x 144.90167pt.
<images/kmeansUntouchedIris.png, id=39, 447.6725pt x 435.6275pt>
File: images/kmeansUntouchedIris.png Graphic file (type png)
<use images/kmeansUntouchedIris.png>
Package pdftex.def Info: images/kmeansUntouchedIris.png  used on input line 114.
(pdftex.def)             Requested size: 216.80669pt x 210.97997pt.
<images/gmmUntouchedIris.png, id=40, 447.6725pt x 435.6275pt>
File: images/gmmUntouchedIris.png Graphic file (type png)
<use images/gmmUntouchedIris.png>
Package pdftex.def Info: images/gmmUntouchedIris.png  used on input line 115.
(pdftex.def)             Requested size: 216.80669pt x 210.97997pt.
<images/groundTruthIris.png, id=41, 447.6725pt x 435.6275pt>
File: images/groundTruthIris.png Graphic file (type png)
<use images/groundTruthIris.png>
Package pdftex.def Info: images/groundTruthIris.png  used on input line 121.
(pdftex.def)             Requested size: 130.08897pt x 126.58797pt.
<images/groundTruthICA.png, id=42, 458.71375pt x 435.6275pt>
File: images/groundTruthICA.png Graphic file (type png)
<use images/groundTruthICA.png>
Package pdftex.def Info: images/groundTruthICA.png  used on input line 122.
(pdftex.def)             Requested size: 130.08897pt x 123.54358pt.
<images/groundTruthAutoencoder.png, id=43, 436.63126pt x 421.575pt>
File: images/groundTruthAutoencoder.png Graphic file (type png)
<use images/groundTruthAutoencoder.png>
Package pdftex.def Info: images/groundTruthAutoencoder.png  used on input line 123.
(pdftex.def)             Requested size: 130.08897pt x 125.59862pt.
<images/groundTruthRP.png, id=44, 463.7325pt x 435.6275pt>
File: images/groundTruthRP.png Graphic file (type png)
<use images/groundTruthRP.png>
Package pdftex.def Info: images/groundTruthRP.png  used on input line 124.
(pdftex.def)             Requested size: 130.08897pt x 122.2075pt.
<images/irisKmeansVmeasure.png, id=45, 395.4775pt x 272.01625pt>
File: images/irisKmeansVmeasure.png Graphic file (type png)
<use images/irisKmeansVmeasure.png>
Package pdftex.def Info: images/irisKmeansVmeasure.png  used on input line 131.
(pdftex.def)             Requested size: 216.80669pt x 149.12376pt.
<images/irisGmmVmeasure.png, id=46, 395.4775pt x 272.01625pt>
File: images/irisGmmVmeasure.png Graphic file (type png)
<use images/irisGmmVmeasure.png>
Package pdftex.def Info: images/irisGmmVmeasure.png  used on input line 132.
(pdftex.def)             Requested size: 216.80669pt x 149.12376pt.
<images/kmeansIrisTime.png, id=47, 401.5pt x 272.01625pt>
File: images/kmeansIrisTime.png Graphic file (type png)
<use images/kmeansIrisTime.png>
Package pdftex.def Info: images/kmeansIrisTime.png  used on input line 138.
(pdftex.def)             Requested size: 216.80669pt x 146.89073pt.
<images/gmmIrisTime.png, id=48, 401.5pt x 272.01625pt>
File: images/gmmIrisTime.png Graphic file (type png)
<use images/gmmIrisTime.png>
Package pdftex.def Info: images/gmmIrisTime.png  used on input line 139.
(pdftex.def)             Requested size: 216.80669pt x 146.89073pt.
 [3 <c:/Users/me/Documents/CS4641/Assignment 3/Unsupervised Learning/images/pcamKmeansHomo.png> <c:/Users/me/Documents/CS4641/Assignment 3/Unsupervised Learning/images/pcamGMMHomo.png> <c:/Users/me/Documents/CS4641/Assignment 3/Unsupervised Learning/images/pcamKmeansPurity.png> <c:/Users/me/Documents/CS4641/Assignment 3/Unsupervised Learning/images/pcamGMMPurity.png>] [4 <c:/Users/me/Documents/CS4641/Assignment 3/Unsupervised Learning/images/kmeansTime.png> <c:/Users/me/Documents/CS4641/Assignment 3/Unsupervised Learning/images/gmmTime.png> <c:/Users/me/Documents/CS4641/Assignment 3/Unsupervised Learning/images/kmeansUntouchedIris.png> <c:/Users/me/Documents/CS4641/Assignment 3/Unsupervised Learning/images/gmmUntouchedIris.png> <c:/Users/me/Documents/CS4641/Assignment 3/Unsupervised Learning/images/groundTruthIris.png> <c:/Users/me/Documents/CS4641/Assignment 3/Unsupervised Learning/images/groundTruthICA.png> <c:/Users/me/Documents/CS4641/Assignment 3/Unsupervised Learning/images/groundTruthAutoencoder.png> <c:/Users/me/Documents/CS4641/Assignment 3/Unsupervised Learning/images/groundTruthRP.png>]
<images/componentAnalysis.png, id=67, 387.4475pt x 279.0425pt>
File: images/componentAnalysis.png Graphic file (type png)
<use images/componentAnalysis.png>
Package pdftex.def Info: images/componentAnalysis.png  used on input line 197.
(pdftex.def)             Requested size: 216.80669pt x 156.14777pt.
<images/irisComponentAnalysis.png, id=68, 398.48875pt x 280.04625pt>
File: images/irisComponentAnalysis.png Graphic file (type png)
<use images/irisComponentAnalysis.png>
Package pdftex.def Info: images/irisComponentAnalysis.png  used on input line 198.
(pdftex.def)             Requested size: 216.80669pt x 152.36365pt.
<images/pcaKurtosis.png, id=69, 390.45876pt x 266.9975pt>
File: images/pcaKurtosis.png Graphic file (type png)
<use images/pcaKurtosis.png>
Package pdftex.def Info: images/pcaKurtosis.png  used on input line 204.
(pdftex.def)             Requested size: 216.80669pt x 148.25461pt.
<images/icaKurtosis.png, id=70, 387.4475pt x 266.9975pt>
File: images/icaKurtosis.png Graphic file (type png)
<use images/icaKurtosis.png>
Package pdftex.def Info: images/icaKurtosis.png  used on input line 205.
(pdftex.def)             Requested size: 216.80669pt x 149.40756pt.
<images/randomDistr.png, id=71, 389.455pt x 266.9975pt>
File: images/randomDistr.png Graphic file (type png)
<use images/randomDistr.png>
Package pdftex.def Info: images/randomDistr.png  used on input line 211.
(pdftex.def)             Requested size: 216.80669pt x 148.6335pt.
<images/randomDistrIris.png, id=72, 398.48875pt x 272.01625pt>
File: images/randomDistrIris.png Graphic file (type png)
<use images/randomDistrIris.png>
Package pdftex.def Info: images/randomDistrIris.png  used on input line 212.
(pdftex.def)             Requested size: 216.80669pt x 147.9948pt.
<images/singularDistr.png, id=73, 393.47pt x 266.9975pt>
File: images/singularDistr.png Graphic file (type png)
<use images/singularDistr.png>
Package pdftex.def Info: images/singularDistr.png  used on input line 221.
(pdftex.def)             Requested size: 219.51714pt x 148.95534pt.
 [5 <c:/Users/me/Documents/CS4641/Assignment 3/Unsupervised Learning/images/irisKmeansVmeasure.png> <c:/Users/me/Documents/CS4641/Assignment 3/Unsupervised Learning/images/irisGmmVmeasure.png> <c:/Users/me/Documents/CS4641/Assignment 3/Unsupervised Learning/images/kmeansIrisTime.png> <c:/Users/me/Documents/CS4641/Assignment 3/Unsupervised Learning/images/gmmIrisTime.png>] [6 <c:/Users/me/Documents/CS4641/Assignment 3/Unsupervised Learning/images/componentAnalysis.png> <c:/Users/me/Documents/CS4641/Assignment 3/Unsupervised Learning/images/irisComponentAnalysis.png> <c:/Users/me/Documents/CS4641/Assignment 3/Unsupervised Learning/images/pcaKurtosis.png> <c:/Users/me/Documents/CS4641/Assignment 3/Unsupervised Learning/images/icaKurtosis.png> <c:/Users/me/Documents/CS4641/Assignment 3/Unsupervised Learning/images/randomDistr.png> <c:/Users/me/Documents/CS4641/Assignment 3/Unsupervised Learning/images/randomDistrIris.png>] [7 <c:/Users/me/Documents/CS4641/Assignment 3/Unsupervised Learning/images/singularDistr.png>]
LaTeX Font Info:    External font `lmex10' loaded for size
(Font)              <14.4> on input line 273.
 [8]
<images/curiousKmeansPCA.png, id=98, 447.6725pt x 435.6275pt>
File: images/curiousKmeansPCA.png Graphic file (type png)
<use images/curiousKmeansPCA.png>
Package pdftex.def Info: images/curiousKmeansPCA.png  used on input line 293.
(pdftex.def)             Requested size: 216.80669pt x 210.97997pt.
<images/curiousGMMPCA.png, id=99, 447.6725pt x 435.6275pt>
File: images/curiousGMMPCA.png Graphic file (type png)
<use images/curiousGMMPCA.png>
Package pdftex.def Info: images/curiousGMMPCA.png  used on input line 294.
(pdftex.def)             Requested size: 216.80669pt x 210.97997pt.
 [9 <c:/Users/me/Documents/CS4641/Assignment 3/Unsupervised Learning/images/curiousKmeansPCA.png> <c:/Users/me/Documents/CS4641/Assignment 3/Unsupervised Learning/images/curiousGMMPCA.png>] [10] [11] (c:/Users/me/Documents/CS4641/Assignment 3/Unsupervised Learning/main.aux)
Package logreq Info: Writing requests to 'main.run.xml'.
\openout1 = `main.run.xml'.

 ) 
Here is how much of TeX's memory you used:
 12368 strings out of 492616
 221694 string characters out of 6132768
 868189 words of memory out of 5000000
 16096 multiletter control sequences out of 15000+600000
 77551 words of font info for 54 fonts, out of 8000000 for 9000
 1141 hyphenation exceptions out of 8191
 46i,16n,68p,936b,3913s stack positions out of 5000i,500n,10000p,200000b,80000s
{c:/texlive/2018/texmf-dist/fonts/enc/dvips/lm/lm-ec.enc}{c:/texlive/2018/texmf-dist/fonts/enc/dvips/lm/lm-mathsy.enc}{c:/texlive/2018/texmf-dist/fonts/enc/dvips/lm/lm-mathit.enc}{c:/texlive/2018/texmf-dist/fonts/enc/dvips/lm/lm-rm.enc}{c:/texlive/2018/texmf-dist/fonts/enc/dvips/lm/lm-mathex.enc}<c:/texlive/2018/texmf-dist/fonts/type1/public/lm/lmbx10.pfb><c:/texlive/2018/texmf-dist/fonts/type1/public/lm/lmbx12.pfb><c:/texlive/2018/texmf-dist/fonts/type1/public/lm/lmbx9.pfb><c:/texlive/2018/texmf-dist/fonts/type1/public/lm/lmcsc10.pfb><c:/texlive/2018/texmf-dist/fonts/type1/public/lm/lmex10.pfb><c:/texlive/2018/texmf-dist/fonts/type1/public/lm/lmmi10.pfb><c:/texlive/2018/texmf-dist/fonts/type1/public/lm/lmmi7.pfb><c:/texlive/2018/texmf-dist/fonts/type1/public/lm/lmr10.pfb><c:/texlive/2018/texmf-dist/fonts/type1/public/lm/lmr12.pfb><c:/texlive/2018/texmf-dist/fonts/type1/public/lm/lmr17.pfb><c:/texlive/2018/texmf-dist/fonts/type1/public/lm/lmr7.pfb><c:/texlive/2018/texmf-dist/fonts/type1/public/lm/lmr8.pfb><c:/texlive/2018/texmf-dist/fonts/type1/public/lm/lmr9.pfb><c:/texlive/2018/texmf-dist/fonts/type1/public/lm/lmri10.pfb><c:/texlive/2018/texmf-dist/fonts/type1/public/lm/lmri8.pfb><c:/texlive/2018/texmf-dist/fonts/type1/public/lm/lmsy10.pfb><c:/texlive/2018/texmf-dist/fonts/type1/public/lm/lmsy7.pfb><c:/texlive/2018/texmf-dist/fonts/type1/public/lm/lmtt10.pfb><c:/texlive/2018/texmf-dist/fonts/type1/public/lm/lmtt8.pfb>
Output written on "c:/Users/me/Documents/CS4641/Assignment 3/Unsupervised Learning/main.pdf" (11 pages, 823318 bytes).
PDF statistics:
 180 PDF objects out of 1000 (max. 8388607)
 93 compressed objects within 1 object stream
 0 named destinations out of 1000 (max. 500000)
 136 words of extra memory for PDF output out of 10000 (max. 10000000)

